<?xml version="1.0" encoding="UTF-8"?>
<!-- Generated by org.testng.reporters.JUnitReportReporter -->
<testsuite skipped="0" hostname="KALPESH-MBA.local" name="secondtestngpackage.TestNGLocal" tests="3" failures="0" timestamp="29 Apr 2017 11:01:17 GMT" time="81.007" errors="0">
  <testcase name="login_TestCase" time="19.087" classname="secondtestngpackage.TestNGLocal"/>
  <testcase name="login_TestCase" time="43.729" classname="secondtestngpackage.TestNGLocal"/>
  <testcase name="login_TestCase" time="18.191" classname="secondtestngpackage.TestNGLocal"/>
</testsuite> <!-- secondtestngpackage.TestNGLocal -->
