<?xml version="1.0" encoding="UTF-8"?>
<!-- Generated by org.testng.reporters.JUnitReportReporter -->
<testsuite skipped="0" hostname="KALPESH-MBA.local" name="secondtestngpackage.SecondTestNGFile" tests="1" failures="0" timestamp="28 Apr 2017 14:33:39 GMT" time="4.941" errors="0">
  <testcase name="verifyHomepageTitle" time="4.941" classname="secondtestngpackage.SecondTestNGFile"/>
</testsuite> <!-- secondtestngpackage.SecondTestNGFile -->
